16:03:41 **** Incremental Build of configuration Debug for project Q1a ****
make all 
make: Nothing to be done for 'all'.
16:05:03 **** Incremental Build of configuration Debug for project Q1a ****
make all 
make: Nothing to be done for 'all'.
16:07:55 **** Incremental Build of configuration Debug for project Q1a ****
make all 
Building file: ../q1.cu
Invoking: NVCC Compiler
/usr/bin/nvcc -G -g -O0 -gencode arch=compute_20,code=sm_20 -gencode arch=compute_20,code=sm_21 -gencode arch=compute_30,code=sm_30 -gencode arch=compute_32,code=sm_32  -odir "." -M -o "q1.d" "../q1.cu"
/usr/bin/nvcc -G -g -O0 --compile --relocatable-device-code=false -gencode arch=compute_20,code=compute_20 -gencode arch=compute_30,code=compute_30 -gencode arch=compute_32,code=compute_32 -gencode arch=compute_20,code=sm_20 -gencode arch=compute_20,code=sm_21 -gencode arch=compute_30,code=sm_30  -x cu -o  "q1.o" "../q1.cu"
../q1.cu(6): error: operand types are incompatible ("int" and "int *")

1 error detected in the compilation of "/tmp/tmpxft_0000432f_00000000-13_q1.compute_32.cpp1.ii".
subdir.mk:18: recipe for target 'q1.o' failed
make: *** [q1.o] Error 2
16:08:08 **** Incremental Build of configuration Debug for project Q1a ****
make all 
Building file: ../q1.cu
Invoking: NVCC Compiler
/usr/bin/nvcc -G -g -O0 -gencode arch=compute_20,code=sm_20 -gencode arch=compute_20,code=sm_21 -gencode arch=compute_30,code=sm_30 -gencode arch=compute_32,code=sm_32  -odir "." -M -o "q1.d" "../q1.cu"
/usr/bin/nvcc -G -g -O0 --compile --relocatable-device-code=false -gencode arch=compute_20,code=compute_20 -gencode arch=compute_30,code=compute_30 -gencode arch=compute_32,code=compute_32 -gencode arch=compute_20,code=sm_20 -gencode arch=compute_20,code=sm_21 -gencode arch=compute_30,code=sm_30  -x cu -o  "q1.o" "../q1.cu"
../q1.cu(6): error: operand types are incompatible ("int" and "int *")

1 error detected in the compilation of "/tmp/tmpxft_0000438a_00000000-13_q1.compute_32.cpp1.ii".
subdir.mk:18: recipe for target 'q1.o' failed
make: *** [q1.o] Error 2
16:08:23 **** Incremental Build of configuration Debug for project Q1a ****
make all 
Building file: ../q1.cu
Invoking: NVCC Compiler
/usr/bin/nvcc -G -g -O0 -gencode arch=compute_20,code=sm_20 -gencode arch=compute_20,code=sm_21 -gencode arch=compute_30,code=sm_30 -gencode arch=compute_32,code=sm_32  -odir "." -M -o "q1.d" "../q1.cu"
/usr/bin/nvcc -G -g -O0 --compile --relocatable-device-code=false -gencode arch=compute_20,code=compute_20 -gencode arch=compute_30,code=compute_30 -gencode arch=compute_32,code=compute_32 -gencode arch=compute_20,code=sm_20 -gencode arch=compute_20,code=sm_21 -gencode arch=compute_30,code=sm_30  -x cu -o  "q1.o" "../q1.cu"
Finished building: ../q1.cu
 
Building target: Q1a
Invoking: NVCC Linker
/usr/bin/nvcc --cudart static --relocatable-device-code=false -gencode arch=compute_20,code=compute_20 -gencode arch=compute_30,code=compute_30 -gencode arch=compute_32,code=compute_32 -gencode arch=compute_20,code=sm_20 -gencode arch=compute_20,code=sm_21 -gencode arch=compute_30,code=sm_30 -link -o  "Q1a"  ./q1.o   
Finished building target: Q1a
 
16:08:37 **** Incremental Build of configuration Debug for project Q1a ****
make all 
make: Nothing to be done for 'all'.
16:09:20 **** Incremental Build of configuration Debug for project Q1a ****
make all 
Building file: ../q1.cu
Invoking: NVCC Compiler
/usr/bin/nvcc -G -g -O0 -gencode arch=compute_20,code=sm_20 -gencode arch=compute_20,code=sm_21 -gencode arch=compute_30,code=sm_30 -gencode arch=compute_32,code=sm_32  -odir "." -M -o "q1.d" "../q1.cu"
/usr/bin/nvcc -G -g -O0 --compile --relocatable-device-code=false -gencode arch=compute_20,code=compute_20 -gencode arch=compute_30,code=compute_30 -gencode arch=compute_32,code=compute_32 -gencode arch=compute_20,code=sm_20 -gencode arch=compute_20,code=sm_21 -gencode arch=compute_30,code=sm_30  -x cu -o  "q1.o" "../q1.cu"
Finished building: ../q1.cu
 
Building target: Q1a
Invoking: NVCC Linker
/usr/bin/nvcc --cudart static --relocatable-device-code=false -gencode arch=compute_20,code=compute_20 -gencode arch=compute_30,code=compute_30 -gencode arch=compute_32,code=compute_32 -gencode arch=compute_20,code=sm_20 -gencode arch=compute_20,code=sm_21 -gencode arch=compute_30,code=sm_30 -link -o  "Q1a"  ./q1.o   
Finished building target: Q1a
 
16:09:33 **** Incremental Build of configuration Debug for project Q1a ****
make all 
make: Nothing to be done for 'all'.
16:09:42 **** Incremental Build of configuration Debug for project Q1a ****
make all 
Building file: ../q1.cu
Invoking: NVCC Compiler
/usr/bin/nvcc -G -g -O0 -gencode arch=compute_20,code=sm_20 -gencode arch=compute_20,code=sm_21 -gencode arch=compute_30,code=sm_30 -gencode arch=compute_32,code=sm_32  -odir "." -M -o "q1.d" "../q1.cu"
/usr/bin/nvcc -G -g -O0 --compile --relocatable-device-code=false -gencode arch=compute_20,code=compute_20 -gencode arch=compute_30,code=compute_30 -gencode arch=compute_32,code=compute_32 -gencode arch=compute_20,code=sm_20 -gencode arch=compute_20,code=sm_21 -gencode arch=compute_30,code=sm_30  -x cu -o  "q1.o" "../q1.cu"
Finished building: ../q1.cu
 
Building target: Q1a
Invoking: NVCC Linker
/usr/bin/nvcc --cudart static --relocatable-device-code=false -gencode arch=compute_20,code=compute_20 -gencode arch=compute_30,code=compute_30 -gencode arch=compute_32,code=compute_32 -gencode arch=compute_20,code=sm_20 -gencode arch=compute_20,code=sm_21 -gencode arch=compute_30,code=sm_30 -link -o  "Q1a"  ./q1.o   
Finished building target: Q1a
 
16:09:57 **** Incremental Build of configuration Debug for project Q1a ****
make all 
make: Nothing to be done for 'all'.
16:12:06 **** Incremental Build of configuration Debug for project Q1a ****
make all 
Building file: ../q1.cu
Invoking: NVCC Compiler
/usr/bin/nvcc -G -g -O0 -gencode arch=compute_20,code=sm_20 -gencode arch=compute_20,code=sm_21 -gencode arch=compute_30,code=sm_30 -gencode arch=compute_32,code=sm_32  -odir "." -M -o "q1.d" "../q1.cu"
/usr/bin/nvcc -G -g -O0 --compile --relocatable-device-code=false -gencode arch=compute_20,code=compute_20 -gencode arch=compute_30,code=compute_30 -gencode arch=compute_32,code=compute_32 -gencode arch=compute_20,code=sm_20 -gencode arch=compute_20,code=sm_21 -gencode arch=compute_30,code=sm_30  -x cu -o  "q1.o" "../q1.cu"
../q1.cu(29): error: too many arguments in function call

1 error detected in the compilation of "/tmp/tmpxft_000047a4_00000000-13_q1.compute_32.cpp1.ii".
make: *** [q1.o] Error 2
subdir.mk:18: recipe for target 'q1.o' failed
16:12:20 **** Incremental Build of configuration Debug for project Q1a ****
make all 
Building file: ../q1.cu
Invoking: NVCC Compiler
/usr/bin/nvcc -G -g -O0 -gencode arch=compute_20,code=sm_20 -gencode arch=compute_20,code=sm_21 -gencode arch=compute_30,code=sm_30 -gencode arch=compute_32,code=sm_32  -odir "." -M -o "q1.d" "../q1.cu"
/usr/bin/nvcc -G -g -O0 --compile --relocatable-device-code=false -gencode arch=compute_20,code=compute_20 -gencode arch=compute_30,code=compute_30 -gencode arch=compute_32,code=compute_32 -gencode arch=compute_20,code=sm_20 -gencode arch=compute_20,code=sm_21 -gencode arch=compute_30,code=sm_30  -x cu -o  "q1.o" "../q1.cu"
../q1.cu(26): warning: variable "d_N" is used before its value is set

../q1.cu(26): warning: variable "d_N" is used before its value is set

../q1.cu(26): warning: variable "d_N" is used before its value is set

../q1.cu(26): warning: variable "d_N" is used before its value is set

../q1.cu(26): warning: variable "d_N" is used before its value is set

../q1.cu(26): warning: variable "d_N" is used before its value is set

Finished building: ../q1.cu
 
Building target: Q1a
Invoking: NVCC Linker
/usr/bin/nvcc --cudart static --relocatable-device-code=false -gencode arch=compute_20,code=compute_20 -gencode arch=compute_30,code=compute_30 -gencode arch=compute_32,code=compute_32 -gencode arch=compute_20,code=sm_20 -gencode arch=compute_20,code=sm_21 -gencode arch=compute_30,code=sm_30 -link -o  "Q1a"  ./q1.o   
Finished building target: Q1a
 
16:12:37 **** Incremental Build of configuration Debug for project Q1a ****
make all 
Building file: ../q1.cu
Invoking: NVCC Compiler
/usr/bin/nvcc -G -g -O0 -gencode arch=compute_20,code=sm_20 -gencode arch=compute_20,code=sm_21 -gencode arch=compute_30,code=sm_30 -gencode arch=compute_32,code=sm_32  -odir "." -M -o "q1.d" "../q1.cu"
/usr/bin/nvcc -G -g -O0 --compile --relocatable-device-code=false -gencode arch=compute_20,code=compute_20 -gencode arch=compute_30,code=compute_30 -gencode arch=compute_32,code=compute_32 -gencode arch=compute_20,code=sm_20 -gencode arch=compute_20,code=sm_21 -gencode arch=compute_30,code=sm_30  -x cu -o  "q1.o" "../q1.cu"
../q1.cu(14): warning: variable "d_N" was declared but never referenced

../q1.cu(14): warning: variable "d_N" was declared but never referenced

../q1.cu(14): warning: variable "d_N" was declared but never referenced

../q1.cu(14): warning: variable "d_N" was declared but never referenced

../q1.cu(14): warning: variable "d_N" was declared but never referenced

../q1.cu(14): warning: variable "d_N" was declared but never referenced

Finished building: ../q1.cu
 
Building target: Q1a
Invoking: NVCC Linker
/usr/bin/nvcc --cudart static --relocatable-device-code=false -gencode arch=compute_20,code=compute_20 -gencode arch=compute_30,code=compute_30 -gencode arch=compute_32,code=compute_32 -gencode arch=compute_20,code=sm_20 -gencode arch=compute_20,code=sm_21 -gencode arch=compute_30,code=sm_30 -link -o  "Q1a"  ./q1.o   
Finished building target: Q1a
 
16:12:49 **** Incremental Build of configuration Debug for project Q1a ****
make all 
Building file: ../q1.cu
Invoking: NVCC Compiler
/usr/bin/nvcc -G -g -O0 -gencode arch=compute_20,code=sm_20 -gencode arch=compute_20,code=sm_21 -gencode arch=compute_30,code=sm_30 -gencode arch=compute_32,code=sm_32  -odir "." -M -o "q1.d" "../q1.cu"
/usr/bin/nvcc -G -g -O0 --compile --relocatable-device-code=false -gencode arch=compute_20,code=compute_20 -gencode arch=compute_30,code=compute_30 -gencode arch=compute_32,code=compute_32 -gencode arch=compute_20,code=sm_20 -gencode arch=compute_20,code=sm_21 -gencode arch=compute_30,code=sm_30  -x cu -o  "q1.o" "../q1.cu"
Finished building: ../q1.cu
 
Building target: Q1a
Invoking: NVCC Linker
/usr/bin/nvcc --cudart static --relocatable-device-code=false -gencode arch=compute_20,code=compute_20 -gencode arch=compute_30,code=compute_30 -gencode arch=compute_32,code=compute_32 -gencode arch=compute_20,code=sm_20 -gencode arch=compute_20,code=sm_21 -gencode arch=compute_30,code=sm_30 -link -o  "Q1a"  ./q1.o   
Finished building target: Q1a
 
16:13:02 **** Incremental Build of configuration Debug for project Q1a ****
make all 
make: Nothing to be done for 'all'.
16:15:25 **** Incremental Build of configuration Debug for project Q1a ****
make all 
Building file: ../q1.cu
Invoking: NVCC Compiler
/usr/bin/nvcc -G -g -O0 -gencode arch=compute_20,code=sm_20 -gencode arch=compute_20,code=sm_21 -gencode arch=compute_30,code=sm_30 -gencode arch=compute_32,code=sm_32  -odir "." -M -o "q1.d" "../q1.cu"
/usr/bin/nvcc -G -g -O0 --compile --relocatable-device-code=false -gencode arch=compute_20,code=compute_20 -gencode arch=compute_30,code=compute_30 -gencode arch=compute_32,code=compute_32 -gencode arch=compute_20,code=sm_20 -gencode arch=compute_20,code=sm_21 -gencode arch=compute_30,code=sm_30  -x cu -o  "q1.o" "../q1.cu"
Finished building: ../q1.cu
 
Building target: Q1a
Invoking: NVCC Linker
/usr/bin/nvcc --cudart static --relocatable-device-code=false -gencode arch=compute_20,code=compute_20 -gencode arch=compute_30,code=compute_30 -gencode arch=compute_32,code=compute_32 -gencode arch=compute_20,code=sm_20 -gencode arch=compute_20,code=sm_21 -gencode arch=compute_30,code=sm_30 -link -o  "Q1a"  ./q1.o   
Finished building target: Q1a
 
16:15:36 **** Incremental Build of configuration Debug for project Q1a ****
make all 
make: Nothing to be done for 'all'.
16:15:52 **** Incremental Build of configuration Debug for project Q1a ****
make all 
make: Nothing to be done for 'all'.
16:20:57 **** Build of configuration Debug for project Q1b ****
make all 
Building file: ../q1.cu
Invoking: NVCC Compiler
/usr/bin/nvcc -G -g -O0 -gencode arch=compute_20,code=sm_20 -gencode arch=compute_20,code=sm_21 -gencode arch=compute_30,code=sm_30 -gencode arch=compute_32,code=sm_32  -odir "." -M -o "q1.d" "../q1.cu"
/usr/bin/nvcc -G -g -O0 --compile --relocatable-device-code=false -gencode arch=compute_20,code=compute_20 -gencode arch=compute_30,code=compute_30 -gencode arch=compute_32,code=compute_32 -gencode arch=compute_20,code=sm_20 -gencode arch=compute_20,code=sm_21 -gencode arch=compute_30,code=sm_30  -x cu -o  "q1.o" "../q1.cu"
../q1.cu(5): error: identifier "blockdx" is undefined

1 error detected in the compilation of "/tmp/tmpxft_00004d2a_00000000-13_q1.compute_32.cpp1.ii".
subdir.mk:18: recipe for target 'q1.o' failed
make: *** [q1.o] Error 2
16:21:07 **** Incremental Build of configuration Debug for project Q1b ****
make all 
Building file: ../q1.cu
Invoking: NVCC Compiler
/usr/bin/nvcc -G -g -O0 -gencode arch=compute_20,code=sm_20 -gencode arch=compute_20,code=sm_21 -gencode arch=compute_30,code=sm_30 -gencode arch=compute_32,code=sm_32  -odir "." -M -o "q1.d" "../q1.cu"
/usr/bin/nvcc -G -g -O0 --compile --relocatable-device-code=false -gencode arch=compute_20,code=compute_20 -gencode arch=compute_30,code=compute_30 -gencode arch=compute_32,code=compute_32 -gencode arch=compute_20,code=sm_20 -gencode arch=compute_20,code=sm_21 -gencode arch=compute_30,code=sm_30  -x cu -o  "q1.o" "../q1.cu"
../q1.cu(5): error: identifier "blockidx" is undefined

1 error detected in the compilation of "/tmp/tmpxft_00004d85_00000000-13_q1.compute_32.cpp1.ii".
make: *** [q1.o] Error 2
subdir.mk:18: recipe for target 'q1.o' failed
16:21:16 **** Incremental Build of configuration Debug for project Q1b ****
make all 
Building file: ../q1.cu
Invoking: NVCC Compiler
/usr/bin/nvcc -G -g -O0 -gencode arch=compute_20,code=sm_20 -gencode arch=compute_20,code=sm_21 -gencode arch=compute_30,code=sm_30 -gencode arch=compute_32,code=sm_32  -odir "." -M -o "q1.d" "../q1.cu"
/usr/bin/nvcc -G -g -O0 --compile --relocatable-device-code=false -gencode arch=compute_20,code=compute_20 -gencode arch=compute_30,code=compute_30 -gencode arch=compute_32,code=compute_32 -gencode arch=compute_20,code=sm_20 -gencode arch=compute_20,code=sm_21 -gencode arch=compute_30,code=sm_30  -x cu -o  "q1.o" "../q1.cu"
Finished building: ../q1.cu
 
Building target: Q1b
Invoking: NVCC Linker
/usr/bin/nvcc --cudart static --relocatable-device-code=false -gencode arch=compute_20,code=compute_20 -gencode arch=compute_30,code=compute_30 -gencode arch=compute_32,code=compute_32 -gencode arch=compute_20,code=sm_20 -gencode arch=compute_20,code=sm_21 -gencode arch=compute_30,code=sm_30 -link -o  "Q1b"  ./q1.o   
Finished building target: Q1b
 
16:22:23 **** Incremental Build of configuration Debug for project Q1b ****
make all 
make: Nothing to be done for 'all'.
16:38:51 **** Incremental Build of configuration Debug for project Q1b ****
make all 
Building file: ../q1.cu
Invoking: NVCC Compiler
/usr/bin/nvcc -G -g -O0 -gencode arch=compute_20,code=sm_20 -gencode arch=compute_20,code=sm_21 -gencode arch=compute_30,code=sm_30 -gencode arch=compute_32,code=sm_32  -odir "." -M -o "q1.d" "../q1.cu"
/usr/bin/nvcc -G -g -O0 --compile --relocatable-device-code=false -gencode arch=compute_20,code=compute_20 -gencode arch=compute_30,code=compute_30 -gencode arch=compute_32,code=compute_32 -gencode arch=compute_20,code=sm_20 -gencode arch=compute_20,code=sm_21 -gencode arch=compute_30,code=sm_30  -x cu -o  "q1.o" "../q1.cu"
Finished building: ../q1.cu
 
Building target: Q1b
Invoking: NVCC Linker
/usr/bin/nvcc --cudart static --relocatable-device-code=false -gencode arch=compute_20,code=compute_20 -gencode arch=compute_30,code=compute_30 -gencode arch=compute_32,code=compute_32 -gencode arch=compute_20,code=sm_20 -gencode arch=compute_20,code=sm_21 -gencode arch=compute_30,code=sm_30 -link -o  "Q1b"  ./q1.o   
Finished building target: Q1b
 
16:39:03 **** Incremental Build of configuration Debug for project Q1b ****
make all 
make: Nothing to be done for 'all'.
